
Рисунки найдены25-шт----Array
Рисунки найдены25-шт----Array
Рисунки найдены25-шт----Array
Рисунки найдены25-шт----Array
Рисунки найдены25-шт----Array
Рисунки найдены25-шт----Array
Рисунки найдены25-шт----Array
Рисунки найдены25-шт----Array
Рисунки найдены25-шт----Array
Рисунки найдены25-шт----Array
Рисунки найдены25-шт----Array
Рисунки найдены25-шт----Array
Рисунки найдены25-шт----Array
Рисунки найдены25-шт----Array
Рисунки найдены25-шт----Array
Рисунки найдены25-шт----Array
Рисунки найдены25-шт----Array
Рисунки найдены25-шт----Array
Рисунки найдены25-шт----Array
Рисунки найдены25-шт----Array
Фаила нет----/template/img/left-logo.png
Коррекция результата не дала.-corrective_step_1----
Коррекция результата не дала.-corrective_step_2----
Коррекция результы дала.-corrective_step_3----https://zastavok.net/template/img/left-logo.png
Фаила нет----/main/animals/165273475554.jpg
Коррекция результата не дала.-corrective_step_1----
Коррекция результата не дала.-corrective_step_2----
Коррекция результы дала.-corrective_step_3----https://zastavok.net/main/animals/165273475554.jpg
Фаила нет----/uploads/avatars/foto_315.gif
Коррекция результата не дала.-corrective_step_1----
Коррекция результата не дала.-corrective_step_2----
Коррекция результы дала.-corrective_step_3----https://zastavok.net/uploads/avatars/foto_315.gif
Фаила нет----/ts/animals/165273636483.jpg
Коррекция результата не дала.-corrective_step_1----
Коррекция результата не дала.-corrective_step_2----
Коррекция результы дала.-corrective_step_3----https://zastavok.net/ts/animals/165273636483.jpg
Фаила нет----/ts/animals/165273475554.jpg
Коррекция результата не дала.-corrective_step_1----
Коррекция результата не дала.-corrective_step_2----
Коррекция результы дала.-corrective_step_3----https://zastavok.net/ts/animals/165273475554.jpg
Фаила нет----/ts/animals/165273631467.jpg
Коррекция результата не дала.-corrective_step_1----
Коррекция результата не дала.-corrective_step_2----
Коррекция результы дала.-corrective_step_3----https://zastavok.net/ts/animals/165273631467.jpg
Фаила нет----/ts/animals/165273601317.jpg
Коррекция результата не дала.-corrective_step_1----
Коррекция результата не дала.-corrective_step_2----
Коррекция результы дала.-corrective_step_3----https://zastavok.net/ts/animals/165273601317.jpg
Фаила нет----/ts/animals/165273752370.jpg
Коррекция результата не дала.-corrective_step_1----
Коррекция результата не дала.-corrective_step_2----
Коррекция результы дала.-corrective_step_3----https://zastavok.net/ts/animals/165273752370.jpg
Фаила нет----/ts/animals/1295668654.jpg
Коррекция результата не дала.-corrective_step_1----
Коррекция результата не дала.-corrective_step_2----
Коррекция результы дала.-corrective_step_3----https://zastavok.net/ts/animals/1295668654.jpg
Фаила нет----/ts/animals/1507481717.jpg
Коррекция результата не дала.-corrective_step_1----
Коррекция результата не дала.-corrective_step_2----
Коррекция результы дала.-corrective_step_3----https://zastavok.net/ts/animals/1507481717.jpg
Фаила нет----/ts/animals/1528283517.jpg
Коррекция результата не дала.-corrective_step_1----
Коррекция результата не дала.-corrective_step_2----
Коррекция результы дала.-corrective_step_3----https://zastavok.net/ts/animals/1528283517.jpg
Фаила нет----/ts/animals/154988616247.jpg
Коррекция результата не дала.-corrective_step_1----
Коррекция результата не дала.-corrective_step_2----
Коррекция результы дала.-corrective_step_3----https://zastavok.net/ts/animals/154988616247.jpg
Фаила нет----/ts/animals/155966268385.jpg
Коррекция результата не дала.-corrective_step_1----
Коррекция результата не дала.-corrective_step_2----
Коррекция результы дала.-corrective_step_3----https://zastavok.net/ts/animals/155966268385.jpg
Фаила нет----/ts/animals/157252938448.jpg
Коррекция результата не дала.-corrective_step_1----
Коррекция результата не дала.-corrective_step_2----
Коррекция результы дала.-corrective_step_3----https://zastavok.net/ts/animals/157252938448.jpg
Фаила нет----/ts/animals/157253262430.jpg
Коррекция результата не дала.-corrective_step_1----
Коррекция результата не дала.-corrective_step_2----
Коррекция результы дала.-corrective_step_3----https://zastavok.net/ts/animals/157253262430.jpg
Фаила нет----/ts/animals/157253550225.jpg
Коррекция результата не дала.-corrective_step_1----
Коррекция результата не дала.-corrective_step_2----
Коррекция результы дала.-corrective_step_3----https://zastavok.net/ts/animals/157253550225.jpg
Фаила нет----/ts/animals/157253586797.jpg
Коррекция результата не дала.-corrective_step_1----
Коррекция результата не дала.-corrective_step_2----
Коррекция результы дала.-corrective_step_3----https://zastavok.net/ts/animals/157253586797.jpg
Фаила нет----/ts/animals/158530962952.jpg
Коррекция результата не дала.-corrective_step_1----
Коррекция результата не дала.-corrective_step_2----
Коррекция результы дала.-corrective_step_3----https://zastavok.net/ts/animals/158530962952.jpg
Фаила нет----/ts/animals/159428976392.jpg
Коррекция результата не дала.-corrective_step_1----
Коррекция результата не дала.-corrective_step_2----
Коррекция результы дала.-corrective_step_3----https://zastavok.net/ts/animals/159428976392.jpg
Фаила нет----/ts/animals/159707532390.jpg
Коррекция результата не дала.-corrective_step_1----
Коррекция результата не дала.-corrective_step_2----
Коррекция результы дала.-corrective_step_3----https://zastavok.net/ts/animals/159707532390.jpg
Фаила нет----/ts/animals/159709903011.jpg
Коррекция результата не дала.-corrective_step_1----
Коррекция результата не дала.-corrective_step_2----
Коррекция результы дала.-corrective_step_3----https://zastavok.net/ts/animals/159709903011.jpg
Фаила нет----/ts/animals/159709944499.jpg
Коррекция результата не дала.-corrective_step_1----
Коррекция результата не дала.-corrective_step_2----
Коррекция результы дала.-corrective_step_3----https://zastavok.net/ts/animals/159709944499.jpg
Фаила нет----/ts/animals/162365636261.jpg
Коррекция результата не дала.-corrective_step_1----
Коррекция результата не дала.-corrective_step_2----
Коррекция результы дала.-corrective_step_3----https://zastavok.net/ts/animals/162365636261.jpg
Фаила нет----/ts/animals/163638884790.jpg
Коррекция результата не дала.-corrective_step_1----
Коррекция результата не дала.-corrective_step_2----
Коррекция результы дала.-corrective_step_3----https://zastavok.net/ts/animals/163638884790.jpg
Рисунки найдены25-шт----Array
Фаила нет----/template/img/left-logo.png
Коррекция результата не дала.-corrective_step_1----
Коррекция результата не дала.-corrective_step_2----
Коррекция результы дала.-corrective_step_3----https://zastavok.net/template/img/left-logo.png
Фаила нет----/main/animals/165273475554.jpg
Коррекция результата не дала.-corrective_step_1----
Коррекция результата не дала.-corrective_step_2----
Коррекция результы дала.-corrective_step_3----https://zastavok.net/main/animals/165273475554.jpg
Фаила нет----/uploads/avatars/foto_315.gif
Коррекция результата не дала.-corrective_step_1----
Коррекция результата не дала.-corrective_step_2----
Коррекция результы дала.-corrective_step_3----https://zastavok.net/uploads/avatars/foto_315.gif
Фаила нет----/ts/animals/165273636483.jpg
Коррекция результата не дала.-corrective_step_1----
Коррекция результата не дала.-corrective_step_2----
Коррекция результы дала.-corrective_step_3----https://zastavok.net/ts/animals/165273636483.jpg
Фаила нет----/ts/animals/165273475554.jpg
Коррекция результата не дала.-corrective_step_1----
Коррекция результата не дала.-corrective_step_2----
Коррекция результы дала.-corrective_step_3----https://zastavok.net/ts/animals/165273475554.jpg
Фаила нет----/ts/animals/165273631467.jpg
Коррекция результата не дала.-corrective_step_1----
Коррекция результата не дала.-corrective_step_2----
Коррекция результы дала.-corrective_step_3----https://zastavok.net/ts/animals/165273631467.jpg
Фаила нет----/ts/animals/165273601317.jpg
Коррекция результата не дала.-corrective_step_1----
Коррекция результата не дала.-corrective_step_2----
Коррекция результы дала.-corrective_step_3----https://zastavok.net/ts/animals/165273601317.jpg
Фаила нет----/ts/animals/165273752370.jpg
Коррекция результата не дала.-corrective_step_1----
Коррекция результата не дала.-corrective_step_2----
Коррекция результы дала.-corrective_step_3----https://zastavok.net/ts/animals/165273752370.jpg
Фаила нет----/ts/animals/1295668654.jpg
Коррекция результата не дала.-corrective_step_1----
Коррекция результата не дала.-corrective_step_2----
Коррекция результы дала.-corrective_step_3----https://zastavok.net/ts/animals/1295668654.jpg
Фаила нет----/ts/animals/1507481717.jpg
Коррекция результата не дала.-corrective_step_1----
Коррекция результата не дала.-corrective_step_2----
Коррекция результы дала.-corrective_step_3----https://zastavok.net/ts/animals/1507481717.jpg
Фаила нет----/ts/animals/1528283517.jpg
Коррекция результата не дала.-corrective_step_1----
Коррекция результата не дала.-corrective_step_2----
Коррекция результы дала.-corrective_step_3----https://zastavok.net/ts/animals/1528283517.jpg
Фаила нет----/ts/animals/154988616247.jpg
Коррекция результата не дала.-corrective_step_1----
Коррекция результата не дала.-corrective_step_2----
Коррекция результы дала.-corrective_step_3----https://zastavok.net/ts/animals/154988616247.jpg
Фаила нет----/ts/animals/155966268385.jpg
Коррекция результата не дала.-corrective_step_1----
Коррекция результата не дала.-corrective_step_2----
Коррекция результы дала.-corrective_step_3----https://zastavok.net/ts/animals/155966268385.jpg
Фаила нет----/ts/animals/157252938448.jpg
Коррекция результата не дала.-corrective_step_1----
Коррекция результата не дала.-corrective_step_2----
Коррекция результы дала.-corrective_step_3----https://zastavok.net/ts/animals/157252938448.jpg
Фаила нет----/ts/animals/157253262430.jpg
Коррекция результата не дала.-corrective_step_1----
Коррекция результата не дала.-corrective_step_2----
Коррекция результы дала.-corrective_step_3----https://zastavok.net/ts/animals/157253262430.jpg
Фаила нет----/ts/animals/157253550225.jpg
Коррекция результата не дала.-corrective_step_1----
Коррекция результата не дала.-corrective_step_2----
Коррекция результы дала.-corrective_step_3----https://zastavok.net/ts/animals/157253550225.jpg
Фаила нет----/ts/animals/157253586797.jpg
Коррекция результата не дала.-corrective_step_1----
Коррекция результата не дала.-corrective_step_2----
Коррекция результы дала.-corrective_step_3----https://zastavok.net/ts/animals/157253586797.jpg
Фаила нет----/ts/animals/158530962952.jpg
Коррекция результата не дала.-corrective_step_1----
Коррекция результата не дала.-corrective_step_2----
Коррекция результы дала.-corrective_step_3----https://zastavok.net/ts/animals/158530962952.jpg
Фаила нет----/ts/animals/159428976392.jpg
Коррекция результата не дала.-corrective_step_1----
Коррекция результата не дала.-corrective_step_2----
Коррекция результы дала.-corrective_step_3----https://zastavok.net/ts/animals/159428976392.jpg
Фаила нет----/ts/animals/159707532390.jpg
Коррекция результата не дала.-corrective_step_1----
Коррекция результата не дала.-corrective_step_2----
Коррекция результы дала.-corrective_step_3----https://zastavok.net/ts/animals/159707532390.jpg
Фаила нет----/ts/animals/159709903011.jpg
Коррекция результата не дала.-corrective_step_1----
Коррекция результата не дала.-corrective_step_2----
Коррекция результы дала.-corrective_step_3----https://zastavok.net/ts/animals/159709903011.jpg
Фаила нет----/ts/animals/159709944499.jpg
Коррекция результата не дала.-corrective_step_1----
Коррекция результата не дала.-corrective_step_2----
Коррекция результы дала.-corrective_step_3----https://zastavok.net/ts/animals/159709944499.jpg
Фаила нет----/ts/animals/162365636261.jpg
Коррекция результата не дала.-corrective_step_1----
Коррекция результата не дала.-corrective_step_2----
Коррекция результы дала.-corrective_step_3----https://zastavok.net/ts/animals/162365636261.jpg
Фаила нет----/ts/animals/163638884790.jpg
Коррекция результата не дала.-corrective_step_1----
Коррекция результата не дала.-corrective_step_2----
Коррекция результы дала.-corrective_step_3----https://zastavok.net/ts/animals/163638884790.jpg
Рисунки найдены25-шт----Array
Фаила нет----/template/img/left-logo.png
Коррекция результата не дала.-corrective_step_1----
Коррекция результата не дала.-corrective_step_2----
Коррекция результы дала.-corrective_step_3----https://zastavok.net/template/img/left-logo.png
Фаила нет----/main/animals/165273475554.jpg
Коррекция результата не дала.-corrective_step_1----
Коррекция результата не дала.-corrective_step_2----
Коррекция результы дала.-corrective_step_3----https://zastavok.net/main/animals/165273475554.jpg
Фаила нет----/uploads/avatars/foto_315.gif
Коррекция результата не дала.-corrective_step_1----
Коррекция результата не дала.-corrective_step_2----
Коррекция результы дала.-corrective_step_3----https://zastavok.net/uploads/avatars/foto_315.gif
Фаила нет----/ts/animals/165273636483.jpg
Коррекция результата не дала.-corrective_step_1----
Коррекция результата не дала.-corrective_step_2----
Коррекция результы дала.-corrective_step_3----https://zastavok.net/ts/animals/165273636483.jpg
Фаила нет----/ts/animals/165273475554.jpg
Коррекция результата не дала.-corrective_step_1----
Коррекция результата не дала.-corrective_step_2----
Коррекция результы дала.-corrective_step_3----https://zastavok.net/ts/animals/165273475554.jpg
Фаила нет----/ts/animals/165273631467.jpg
Коррекция результата не дала.-corrective_step_1----
Коррекция результата не дала.-corrective_step_2----
Коррекция результы дала.-corrective_step_3----https://zastavok.net/ts/animals/165273631467.jpg
Фаила нет----/ts/animals/165273601317.jpg
Коррекция результата не дала.-corrective_step_1----
Коррекция результата не дала.-corrective_step_2----
Коррекция результы дала.-corrective_step_3----https://zastavok.net/ts/animals/165273601317.jpg
Фаила нет----/ts/animals/165273752370.jpg
Коррекция результата не дала.-corrective_step_1----
Коррекция результата не дала.-corrective_step_2----
Коррекция результы дала.-corrective_step_3----https://zastavok.net/ts/animals/165273752370.jpg
Фаила нет----/ts/animals/1295668654.jpg
Коррекция результата не дала.-corrective_step_1----
Коррекция результата не дала.-corrective_step_2----
Коррекция результы дала.-corrective_step_3----https://zastavok.net/ts/animals/1295668654.jpg
Фаила нет----/ts/animals/1507481717.jpg
Коррекция результата не дала.-corrective_step_1----
Коррекция результата не дала.-corrective_step_2----
Коррекция результы дала.-corrective_step_3----https://zastavok.net/ts/animals/1507481717.jpg
Фаила нет----/ts/animals/1528283517.jpg
Коррекция результата не дала.-corrective_step_1----
Коррекция результата не дала.-corrective_step_2----
Коррекция результы дала.-corrective_step_3----https://zastavok.net/ts/animals/1528283517.jpg
Фаила нет----/ts/animals/154988616247.jpg
Коррекция результата не дала.-corrective_step_1----
Коррекция результата не дала.-corrective_step_2----
Коррекция результы дала.-corrective_step_3----https://zastavok.net/ts/animals/154988616247.jpg
Фаила нет----/ts/animals/155966268385.jpg
Коррекция результата не дала.-corrective_step_1----
Коррекция результата не дала.-corrective_step_2----
Коррекция результы дала.-corrective_step_3----https://zastavok.net/ts/animals/155966268385.jpg
Фаила нет----/ts/animals/157252938448.jpg
Коррекция результата не дала.-corrective_step_1----
Коррекция результата не дала.-corrective_step_2----
Коррекция результы дала.-corrective_step_3----https://zastavok.net/ts/animals/157252938448.jpg
Фаила нет----/ts/animals/157253262430.jpg
Коррекция результата не дала.-corrective_step_1----
Коррекция результата не дала.-corrective_step_2----
Коррекция результы дала.-corrective_step_3----https://zastavok.net/ts/animals/157253262430.jpg
Фаила нет----/ts/animals/157253550225.jpg
Коррекция результата не дала.-corrective_step_1----
Коррекция результата не дала.-corrective_step_2----
Коррекция результы дала.-corrective_step_3----https://zastavok.net/ts/animals/157253550225.jpg
Фаила нет----/ts/animals/157253586797.jpg
Коррекция результата не дала.-corrective_step_1----
Коррекция результата не дала.-corrective_step_2----
Коррекция результы дала.-corrective_step_3----https://zastavok.net/ts/animals/157253586797.jpg
Фаила нет----/ts/animals/158530962952.jpg
Коррекция результата не дала.-corrective_step_1----
Коррекция результата не дала.-corrective_step_2----
Коррекция результы дала.-corrective_step_3----https://zastavok.net/ts/animals/158530962952.jpg
Фаила нет----/ts/animals/159428976392.jpg
Коррекция результата не дала.-corrective_step_1----
Коррекция результата не дала.-corrective_step_2----
Коррекция результы дала.-corrective_step_3----https://zastavok.net/ts/animals/159428976392.jpg
Фаила нет----/ts/animals/159707532390.jpg
Коррекция результата не дала.-corrective_step_1----
Коррекция результата не дала.-corrective_step_2----
Коррекция результы дала.-corrective_step_3----https://zastavok.net/ts/animals/159707532390.jpg
Фаила нет----/ts/animals/159709903011.jpg
Коррекция результата не дала.-corrective_step_1----
Коррекция результата не дала.-corrective_step_2----
Коррекция результы дала.-corrective_step_3----https://zastavok.net/ts/animals/159709903011.jpg
Фаила нет----/ts/animals/159709944499.jpg
Коррекция результата не дала.-corrective_step_1----
Коррекция результата не дала.-corrective_step_2----
Коррекция результы дала.-corrective_step_3----https://zastavok.net/ts/animals/159709944499.jpg
Фаила нет----/ts/animals/162365636261.jpg
Коррекция результата не дала.-corrective_step_1----
Коррекция результата не дала.-corrective_step_2----
Коррекция результы дала.-corrective_step_3----https://zastavok.net/ts/animals/162365636261.jpg
Фаила нет----/ts/animals/163638884790.jpg
Коррекция результата не дала.-corrective_step_1----
Коррекция результата не дала.-corrective_step_2----
Коррекция результы дала.-corrective_step_3----https://zastavok.net/ts/animals/163638884790.jpg