
Рисунки найдены98-шт</br>Array</br>--------------------
Фаил есть но не подходит по размеру</br>https://sp-ao.shortpixel.ai/client/to_webp,q_lossless,ret_img/https://www.lifeofpix.com/wp-content/uploads/2022/09/image00094-150x150.jpeg</br>--------------------
Коррекция результы дала.-corrective_step_1</br>https://sp-ao.shortpixel.ai/client/to_webp,q_lossless,ret_img/https://www.lifeofpix.com/wp-content/uploads/2022/09/image00094-150x150.jpeg</br>--------------------
Фаил есть и подходит по размеру</br>https://sp-ao.shortpixel.ai/client/to_webp,q_lossless,ret_img/https://www.lifeofpix.com/wp-content/uploads/2022/09/image00094-680x453.jpeg</br>--------------------
Фаил есть но не подходит по размеру</br>https://sp-ao.shortpixel.ai/client/to_webp,q_lossless,ret_img/https://www.lifeofpix.com/wp-content/uploads/2022/09/Capture-décran-le-2022-09-07-à-09.12.04-150x150.png</br>--------------------
Коррекция результы дала.-corrective_step_1</br>https://sp-ao.shortpixel.ai/client/to_webp,q_lossless,ret_img/https://www.lifeofpix.com/wp-content/uploads/2022/09/Capture-décran-le-2022-09-07-à-09.12.04-150x150.png</br>--------------------
Фаил есть но не подходит по размеру</br>https://sp-ao.shortpixel.ai/client/to_webp,q_lossless,ret_img/https://www.lifeofpix.com/wp-content/uploads/2022/09/image00096-150x150.jpeg</br>--------------------
Коррекция результы дала.-corrective_step_1</br>https://sp-ao.shortpixel.ai/client/to_webp,q_lossless,ret_img/https://www.lifeofpix.com/wp-content/uploads/2022/09/image00096-150x150.jpeg</br>--------------------
Фаил есть и подходит по размеру</br>https://sp-ao.shortpixel.ai/client/to_webp,q_lossless,ret_img/https://www.lifeofpix.com/wp-content/uploads/2022/09/image00096-680x453.jpeg</br>--------------------
Фаил есть но не подходит по размеру</br>https://sp-ao.shortpixel.ai/client/to_webp,q_lossless,ret_img/https://www.lifeofpix.com/wp-content/uploads/2022/09/Capture-décran-le-2022-09-07-à-09.12.04-150x150.png</br>--------------------
Коррекция результы дала.-corrective_step_1</br>https://sp-ao.shortpixel.ai/client/to_webp,q_lossless,ret_img/https://www.lifeofpix.com/wp-content/uploads/2022/09/Capture-décran-le-2022-09-07-à-09.12.04-150x150.png</br>--------------------
Фаил есть но не подходит по размеру</br>https://sp-ao.shortpixel.ai/client/to_webp,q_lossless,ret_img/https://www.lifeofpix.com/wp-content/themes/lifeofpix_v2/img/adobe.png</br>--------------------
Коррекция результы дала.-corrective_step_1</br>https://sp-ao.shortpixel.ai/client/to_webp,q_lossless,ret_img/https://www.lifeofpix.com/wp-content/themes/lifeofpix_v2/img/adobe.png</br>--------------------
Фаил есть но не подходит по размеру</br>https://sp-ao.shortpixel.ai/client/to_webp,q_lossless,ret_img/https://www.lifeofpix.com/wp-content/uploads/2022/08/image00010-150x150.jpeg</br>--------------------
Коррекция результы дала.-corrective_step_1</br>https://sp-ao.shortpixel.ai/client/to_webp,q_lossless,ret_img/https://www.lifeofpix.com/wp-content/uploads/2022/08/image00010-150x150.jpeg</br>--------------------
Фаил есть но не подходит по размеру</br>https://sp-ao.shortpixel.ai/client/to_webp,q_lossless,ret_img/https://www.lifeofpix.com/wp-content/uploads/2022/08/image00010-345x460.jpeg</br>--------------------
Коррекция результы дала.-corrective_step_1</br>https://sp-ao.shortpixel.ai/client/to_webp,q_lossless,ret_img/https://www.lifeofpix.com/wp-content/uploads/2022/08/image00010-345x460.jpeg</br>--------------------
Фаил есть но не подходит по размеру</br>https://sp-ao.shortpixel.ai/client/to_webp,q_lossless,ret_img/https://www.lifeofpix.com/wp-content/uploads/2022/08/289839764_2914009508745898_7025813372904626576_n-150x150.jpeg</br>--------------------
Коррекция результы дала.-corrective_step_1</br>https://sp-ao.shortpixel.ai/client/to_webp,q_lossless,ret_img/https://www.lifeofpix.com/wp-content/uploads/2022/08/289839764_2914009508745898_7025813372904626576_n-150x150.jpeg</br>--------------------
Фаил есть но не подходит по размеру</br>https://sp-ao.shortpixel.ai/client/to_webp,q_lossless,ret_img/https://www.lifeofpix.com/wp-content/uploads/2022/08/image00012-1-150x150.jpeg</br>--------------------
Коррекция результы дала.-corrective_step_1</br>https://sp-ao.shortpixel.ai/client/to_webp,q_lossless,ret_img/https://www.lifeofpix.com/wp-content/uploads/2022/08/image00012-1-150x150.jpeg</br>--------------------
Фаил есть но не подходит по размеру</br>https://sp-ao.shortpixel.ai/client/to_webp,q_lossless,ret_img/https://www.lifeofpix.com/wp-content/uploads/2022/08/image00012-1-310x460.jpeg</br>--------------------
Коррекция результы дала.-corrective_step_1</br>https://sp-ao.shortpixel.ai/client/to_webp,q_lossless,ret_img/https://www.lifeofpix.com/wp-content/uploads/2022/08/image00012-1-310x460.jpeg</br>--------------------
Фаил есть но не подходит по размеру</br>https://sp-ao.shortpixel.ai/client/to_webp,q_lossless,ret_img/https://www.lifeofpix.com/wp-content/uploads/2022/08/289839764_2914009508745898_7025813372904626576_n-150x150.jpeg</br>--------------------
Коррекция результы дала.-corrective_step_1</br>https://sp-ao.shortpixel.ai/client/to_webp,q_lossless,ret_img/https://www.lifeofpix.com/wp-content/uploads/2022/08/289839764_2914009508745898_7025813372904626576_n-150x150.jpeg</br>--------------------
Фаил есть но не подходит по размеру</br>https://sp-ao.shortpixel.ai/client/to_webp,q_lossless,ret_img/https://www.lifeofpix.com/wp-content/uploads/2022/08/image00014-150x150.jpeg</br>--------------------
Коррекция результы дала.-corrective_step_1</br>https://sp-ao.shortpixel.ai/client/to_webp,q_lossless,ret_img/https://www.lifeofpix.com/wp-content/uploads/2022/08/image00014-150x150.jpeg</br>--------------------
Фаил есть но не подходит по размеру</br>https://sp-ao.shortpixel.ai/client/to_webp,q_lossless,ret_img/https://www.lifeofpix.com/wp-content/uploads/2022/08/image00014-345x460.jpeg</br>--------------------
Коррекция результы дала.-corrective_step_1</br>https://sp-ao.shortpixel.ai/client/to_webp,q_lossless,ret_img/https://www.lifeofpix.com/wp-content/uploads/2022/08/image00014-345x460.jpeg</br>--------------------
Фаил есть но не подходит по размеру</br>https://sp-ao.shortpixel.ai/client/to_webp,q_lossless,ret_img/https://www.lifeofpix.com/wp-content/uploads/2022/08/289839764_2914009508745898_7025813372904626576_n-150x150.jpeg</br>--------------------
Коррекция результы дала.-corrective_step_1</br>https://sp-ao.shortpixel.ai/client/to_webp,q_lossless,ret_img/https://www.lifeofpix.com/wp-content/uploads/2022/08/289839764_2914009508745898_7025813372904626576_n-150x150.jpeg</br>--------------------
Фаил есть но не подходит по размеру</br>https://sp-ao.shortpixel.ai/client/to_webp,q_lossless,ret_img/https://www.lifeofpix.com/wp-content/uploads/2022/08/image00015-150x150.jpeg</br>--------------------
Коррекция результы дала.-corrective_step_1</br>https://sp-ao.shortpixel.ai/client/to_webp,q_lossless,ret_img/https://www.lifeofpix.com/wp-content/uploads/2022/08/image00015-150x150.jpeg</br>--------------------
Фаил есть но не подходит по размеру</br>https://sp-ao.shortpixel.ai/client/to_webp,q_lossless,ret_img/https://www.lifeofpix.com/wp-content/uploads/2022/08/image00015-345x460.jpeg</br>--------------------
Коррекция результы дала.-corrective_step_1</br>https://sp-ao.shortpixel.ai/client/to_webp,q_lossless,ret_img/https://www.lifeofpix.com/wp-content/uploads/2022/08/image00015-345x460.jpeg</br>--------------------
Фаил есть но не подходит по размеру</br>https://sp-ao.shortpixel.ai/client/to_webp,q_lossless,ret_img/https://www.lifeofpix.com/wp-content/uploads/2022/08/289839764_2914009508745898_7025813372904626576_n-150x150.jpeg</br>--------------------
Коррекция результы дала.-corrective_step_1</br>https://sp-ao.shortpixel.ai/client/to_webp,q_lossless,ret_img/https://www.lifeofpix.com/wp-content/uploads/2022/08/289839764_2914009508745898_7025813372904626576_n-150x150.jpeg</br>--------------------
Фаил есть но не подходит по размеру</br>https://sp-ao.shortpixel.ai/client/to_webp,q_lossless,ret_img/https://www.lifeofpix.com/wp-content/themes/lifeofpix_v2/img/adobe.png</br>--------------------
Коррекция результы дала.-corrective_step_1</br>https://sp-ao.shortpixel.ai/client/to_webp,q_lossless,ret_img/https://www.lifeofpix.com/wp-content/themes/lifeofpix_v2/img/adobe.png</br>--------------------
Фаил есть но не подходит по размеру</br>https://sp-ao.shortpixel.ai/client/to_webp,q_lossless,ret_img/https://www.lifeofpix.com/wp-content/uploads/2022/08/image00016-150x150.jpeg</br>--------------------
Коррекция результы дала.-corrective_step_1</br>https://sp-ao.shortpixel.ai/client/to_webp,q_lossless,ret_img/https://www.lifeofpix.com/wp-content/uploads/2022/08/image00016-150x150.jpeg</br>--------------------
Фаил есть но не подходит по размеру</br>https://sp-ao.shortpixel.ai/client/to_webp,q_lossless,ret_img/https://www.lifeofpix.com/wp-content/uploads/2022/08/image00016-345x460.jpeg</br>--------------------
Коррекция результы дала.-corrective_step_1</br>https://sp-ao.shortpixel.ai/client/to_webp,q_lossless,ret_img/https://www.lifeofpix.com/wp-content/uploads/2022/08/image00016-345x460.jpeg</br>--------------------
Фаил есть но не подходит по размеру</br>https://sp-ao.shortpixel.ai/client/to_webp,q_lossless,ret_img/https://www.lifeofpix.com/wp-content/uploads/2022/08/289839764_2914009508745898_7025813372904626576_n-150x150.jpeg</br>--------------------
Коррекция результы дала.-corrective_step_1</br>https://sp-ao.shortpixel.ai/client/to_webp,q_lossless,ret_img/https://www.lifeofpix.com/wp-content/uploads/2022/08/289839764_2914009508745898_7025813372904626576_n-150x150.jpeg</br>--------------------
Фаил есть но не подходит по размеру</br>https://sp-ao.shortpixel.ai/client/to_webp,q_lossless,ret_img/https://www.lifeofpix.com/wp-content/uploads/2022/08/image00021-150x150.jpeg</br>--------------------
Коррекция результы дала.-corrective_step_1</br>https://sp-ao.shortpixel.ai/client/to_webp,q_lossless,ret_img/https://www.lifeofpix.com/wp-content/uploads/2022/08/image00021-150x150.jpeg</br>--------------------
Фаил есть но не подходит по размеру</br>https://sp-ao.shortpixel.ai/client/to_webp,q_lossless,ret_img/https://www.lifeofpix.com/wp-content/uploads/2022/08/image00021-345x460.jpeg</br>--------------------
Коррекция результы дала.-corrective_step_1</br>https://sp-ao.shortpixel.ai/client/to_webp,q_lossless,ret_img/https://www.lifeofpix.com/wp-content/uploads/2022/08/image00021-345x460.jpeg</br>--------------------
Фаил есть но не подходит по размеру</br>https://sp-ao.shortpixel.ai/client/to_webp,q_lossless,ret_img/https://www.lifeofpix.com/wp-content/uploads/2022/08/289839764_2914009508745898_7025813372904626576_n-150x150.jpeg</br>--------------------
Коррекция результы дала.-corrective_step_1</br>https://sp-ao.shortpixel.ai/client/to_webp,q_lossless,ret_img/https://www.lifeofpix.com/wp-content/uploads/2022/08/289839764_2914009508745898_7025813372904626576_n-150x150.jpeg</br>--------------------
Фаил есть но не подходит по размеру</br>https://sp-ao.shortpixel.ai/client/to_webp,q_lossless,ret_img/https://www.lifeofpix.com/wp-content/uploads/2022/08/3BA446FE-0C8F-4BC0-89A3-36A0B1AC6302-150x150.jpeg</br>--------------------
Коррекция результы дала.-corrective_step_1</br>https://sp-ao.shortpixel.ai/client/to_webp,q_lossless,ret_img/https://www.lifeofpix.com/wp-content/uploads/2022/08/3BA446FE-0C8F-4BC0-89A3-36A0B1AC6302-150x150.jpeg</br>--------------------
Фаил есть и подходит по размеру</br>https://sp-ao.shortpixel.ai/client/to_webp,q_lossless,ret_img/https://www.lifeofpix.com/wp-content/uploads/2022/08/3BA446FE-0C8F-4BC0-89A3-36A0B1AC6302-368x460.jpeg</br>--------------------
Фаил есть но не подходит по размеру</br>https://sp-ao.shortpixel.ai/client/to_webp,q_lossless,ret_img/https://www.lifeofpix.com/wp-content/uploads/2022/08/296443249_1159888894622790_4322322921148250977_n-150x150.jpeg</br>--------------------
Коррекция результы дала.-corrective_step_1</br>https://sp-ao.shortpixel.ai/client/to_webp,q_lossless,ret_img/https://www.lifeofpix.com/wp-content/uploads/2022/08/296443249_1159888894622790_4322322921148250977_n-150x150.jpeg</br>--------------------
Фаил есть но не подходит по размеру</br>https://sp-ao.shortpixel.ai/client/to_webp,q_lossless,ret_img/https://www.lifeofpix.com/wp-content/uploads/2022/08/9F748B18-9B31-465D-BE6E-98EAB1D4806D-150x150.jpeg</br>--------------------
Коррекция результы дала.-corrective_step_1</br>https://sp-ao.shortpixel.ai/client/to_webp,q_lossless,ret_img/https://www.lifeofpix.com/wp-content/uploads/2022/08/9F748B18-9B31-465D-BE6E-98EAB1D4806D-150x150.jpeg</br>--------------------
Фаил есть и подходит по размеру</br>https://sp-ao.shortpixel.ai/client/to_webp,q_lossless,ret_img/https://www.lifeofpix.com/wp-content/uploads/2022/08/9F748B18-9B31-465D-BE6E-98EAB1D4806D-368x460.jpeg</br>--------------------
Фаил есть но не подходит по размеру</br>https://sp-ao.shortpixel.ai/client/to_webp,q_lossless,ret_img/https://www.lifeofpix.com/wp-content/uploads/2022/08/296443249_1159888894622790_4322322921148250977_n-150x150.jpeg</br>--------------------
Коррекция результы дала.-corrective_step_1</br>https://sp-ao.shortpixel.ai/client/to_webp,q_lossless,ret_img/https://www.lifeofpix.com/wp-content/uploads/2022/08/296443249_1159888894622790_4322322921148250977_n-150x150.jpeg</br>--------------------
Фаил есть но не подходит по размеру</br>https://sp-ao.shortpixel.ai/client/to_webp,q_lossless,ret_img/https://www.lifeofpix.com/wp-content/uploads/2022/08/96A3FA45-82B3-4831-AE62-C56B7F463529-150x150.jpeg</br>--------------------
Коррекция результы дала.-corrective_step_1</br>https://sp-ao.shortpixel.ai/client/to_webp,q_lossless,ret_img/https://www.lifeofpix.com/wp-content/uploads/2022/08/96A3FA45-82B3-4831-AE62-C56B7F463529-150x150.jpeg</br>--------------------
Фаил есть и подходит по размеру</br>https://sp-ao.shortpixel.ai/client/to_webp,q_lossless,ret_img/https://www.lifeofpix.com/wp-content/uploads/2022/08/96A3FA45-82B3-4831-AE62-C56B7F463529-368x460.jpeg</br>--------------------
Фаил есть но не подходит по размеру</br>https://sp-ao.shortpixel.ai/client/to_webp,q_lossless,ret_img/https://www.lifeofpix.com/wp-content/uploads/2022/08/296443249_1159888894622790_4322322921148250977_n-150x150.jpeg</br>--------------------
Коррекция результы дала.-corrective_step_1</br>https://sp-ao.shortpixel.ai/client/to_webp,q_lossless,ret_img/https://www.lifeofpix.com/wp-content/uploads/2022/08/296443249_1159888894622790_4322322921148250977_n-150x150.jpeg</br>--------------------
Фаил есть но не подходит по размеру</br>https://sp-ao.shortpixel.ai/client/to_webp,q_lossless,ret_img/https://www.lifeofpix.com/wp-content/uploads/2022/08/48459492-0820-4788-A162-B3B2A303919C-150x150.jpeg</br>--------------------
Коррекция результы дала.-corrective_step_1</br>https://sp-ao.shortpixel.ai/client/to_webp,q_lossless,ret_img/https://www.lifeofpix.com/wp-content/uploads/2022/08/48459492-0820-4788-A162-B3B2A303919C-150x150.jpeg</br>--------------------
Фаил есть но не подходит по размеру</br>https://sp-ao.shortpixel.ai/client/to_webp,q_lossless,ret_img/https://www.lifeofpix.com/wp-content/uploads/2022/08/48459492-0820-4788-A162-B3B2A303919C-345x460.jpeg</br>--------------------
Коррекция результы дала.-corrective_step_1</br>https://sp-ao.shortpixel.ai/client/to_webp,q_lossless,ret_img/https://www.lifeofpix.com/wp-content/uploads/2022/08/48459492-0820-4788-A162-B3B2A303919C-345x460.jpeg</br>--------------------
Фаил есть но не подходит по размеру</br>https://sp-ao.shortpixel.ai/client/to_webp,q_lossless,ret_img/https://www.lifeofpix.com/wp-content/uploads/2022/08/296443249_1159888894622790_4322322921148250977_n-150x150.jpeg</br>--------------------
Коррекция результы дала.-corrective_step_1</br>https://sp-ao.shortpixel.ai/client/to_webp,q_lossless,ret_img/https://www.lifeofpix.com/wp-content/uploads/2022/08/296443249_1159888894622790_4322322921148250977_n-150x150.jpeg</br>--------------------
Фаил есть но не подходит по размеру</br>https://sp-ao.shortpixel.ai/client/to_webp,q_lossless,ret_img/https://www.lifeofpix.com/wp-content/uploads/2022/08/image00012-150x150.jpeg</br>--------------------
Коррекция результы дала.-corrective_step_1</br>https://sp-ao.shortpixel.ai/client/to_webp,q_lossless,ret_img/https://www.lifeofpix.com/wp-content/uploads/2022/08/image00012-150x150.jpeg</br>--------------------
Фаил есть и подходит по размеру</br>https://sp-ao.shortpixel.ai/client/to_webp,q_lossless,ret_img/https://www.lifeofpix.com/wp-content/uploads/2022/08/image00012-368x460.jpeg</br>--------------------
Фаил есть но не подходит по размеру</br>https://sp-ao.shortpixel.ai/client/to_webp,q_lossless,ret_img/https://www.lifeofpix.com/wp-content/uploads/2022/08/image00013_Yasen-150x150.jpg</br>--------------------
Коррекция результы дала.-corrective_step_1</br>https://sp-ao.shortpixel.ai/client/to_webp,q_lossless,ret_img/https://www.lifeofpix.com/wp-content/uploads/2022/08/image00013_Yasen-150x150.jpg</br>--------------------
Фаил есть но не подходит по размеру</br>https://sp-ao.shortpixel.ai/client/to_webp,q_lossless,ret_img/https://www.lifeofpix.com/wp-content/themes/lifeofpix_v2/img/adobe.png</br>--------------------
Коррекция результы дала.-corrective_step_1</br>https://sp-ao.shortpixel.ai/client/to_webp,q_lossless,ret_img/https://www.lifeofpix.com/wp-content/themes/lifeofpix_v2/img/adobe.png</br>--------------------
Фаил есть но не подходит по размеру</br>https://sp-ao.shortpixel.ai/client/to_webp,q_lossless,ret_img/https://www.lifeofpix.com/wp-content/uploads/2022/08/image00008_fave-beer-and-fave-pegasus-150x150.jpeg</br>--------------------
Коррекция результы дала.-corrective_step_1</br>https://sp-ao.shortpixel.ai/client/to_webp,q_lossless,ret_img/https://www.lifeofpix.com/wp-content/uploads/2022/08/image00008_fave-beer-and-fave-pegasus-150x150.jpeg</br>--------------------
Фаил есть и подходит по размеру</br>https://sp-ao.shortpixel.ai/client/to_webp,q_lossless,ret_img/https://www.lifeofpix.com/wp-content/uploads/2022/08/image00008_fave-beer-and-fave-pegasus-368x460.jpeg</br>--------------------
Фаил есть но не подходит по размеру</br>https://sp-ao.shortpixel.ai/client/to_webp,q_lossless,ret_img/https://www.lifeofpix.com/wp-content/uploads/2022/08/image00013_Yasen-150x150.jpg</br>--------------------
Коррекция результы дала.-corrective_step_1</br>https://sp-ao.shortpixel.ai/client/to_webp,q_lossless,ret_img/https://www.lifeofpix.com/wp-content/uploads/2022/08/image00013_Yasen-150x150.jpg</br>--------------------
Фаил есть но не подходит по размеру</br>https://sp-ao.shortpixel.ai/client/to_webp,q_lossless,ret_img/https://www.lifeofpix.com/wp-content/uploads/2022/08/image00009-150x150.jpeg</br>--------------------
Коррекция результы дала.-corrective_step_1</br>https://sp-ao.shortpixel.ai/client/to_webp,q_lossless,ret_img/https://www.lifeofpix.com/wp-content/uploads/2022/08/image00009-150x150.jpeg</br>--------------------
Фаил есть и подходит по размеру</br>https://sp-ao.shortpixel.ai/client/to_webp,q_lossless,ret_img/https://www.lifeofpix.com/wp-content/uploads/2022/08/image00009-680x453.jpeg</br>--------------------
Фаил есть но не подходит по размеру</br>https://sp-ao.shortpixel.ai/client/to_webp,q_lossless,ret_img/https://www.lifeofpix.com/wp-content/uploads/2022/08/image00013_Yasen-150x150.jpg</br>--------------------
Коррекция результы дала.-corrective_step_1</br>https://sp-ao.shortpixel.ai/client/to_webp,q_lossless,ret_img/https://www.lifeofpix.com/wp-content/uploads/2022/08/image00013_Yasen-150x150.jpg</br>--------------------
Фаил есть но не подходит по размеру</br>https://sp-ao.shortpixel.ai/client/to_webp,q_lossless,ret_img/https://www.lifeofpix.com/wp-content/uploads/2022/08/image00004-150x150.jpeg</br>--------------------
Коррекция результы дала.-corrective_step_1</br>https://sp-ao.shortpixel.ai/client/to_webp,q_lossless,ret_img/https://www.lifeofpix.com/wp-content/uploads/2022/08/image00004-150x150.jpeg</br>--------------------
Фаил есть и подходит по размеру</br>https://sp-ao.shortpixel.ai/client/to_webp,q_lossless,ret_img/https://www.lifeofpix.com/wp-content/uploads/2022/08/image00004-575x460.jpeg</br>--------------------
Фаил есть но не подходит по размеру</br>https://sp-ao.shortpixel.ai/client/to_webp,q_lossless,ret_img/https://www.lifeofpix.com/wp-content/uploads/2022/08/image00013_Yasen-150x150.jpg</br>--------------------
Коррекция результы дала.-corrective_step_1</br>https://sp-ao.shortpixel.ai/client/to_webp,q_lossless,ret_img/https://www.lifeofpix.com/wp-content/uploads/2022/08/image00013_Yasen-150x150.jpg</br>--------------------
Фаил есть но не подходит по размеру</br>https://sp-ao.shortpixel.ai/client/to_webp,q_lossless,ret_img/https://www.lifeofpix.com/wp-content/uploads/2022/08/image00002-150x150.jpeg</br>--------------------
Коррекция результы дала.-corrective_step_1</br>https://sp-ao.shortpixel.ai/client/to_webp,q_lossless,ret_img/https://www.lifeofpix.com/wp-content/uploads/2022/08/image00002-150x150.jpeg</br>--------------------
Фаил есть и подходит по размеру</br>https://sp-ao.shortpixel.ai/client/to_webp,q_lossless,ret_img/https://www.lifeofpix.com/wp-content/uploads/2022/08/image00002-368x460.jpeg</br>--------------------
Фаил есть но не подходит по размеру</br>https://sp-ao.shortpixel.ai/client/to_webp,q_lossless,ret_img/https://www.lifeofpix.com/wp-content/uploads/2022/08/image00013_Yasen-150x150.jpg</br>--------------------
Коррекция результы дала.-corrective_step_1</br>https://sp-ao.shortpixel.ai/client/to_webp,q_lossless,ret_img/https://www.lifeofpix.com/wp-content/uploads/2022/08/image00013_Yasen-150x150.jpg</br>--------------------
Фаил есть но не подходит по размеру</br>https://sp-ao.shortpixel.ai/client/to_webp,q_lossless,ret_img/https://www.lifeofpix.com/wp-content/uploads/2022/08/image00001-150x150.jpeg</br>--------------------
Коррекция результы дала.-corrective_step_1</br>https://sp-ao.shortpixel.ai/client/to_webp,q_lossless,ret_img/https://www.lifeofpix.com/wp-content/uploads/2022/08/image00001-150x150.jpeg</br>--------------------
Фаил есть и подходит по размеру</br>https://sp-ao.shortpixel.ai/client/to_webp,q_lossless,ret_img/https://www.lifeofpix.com/wp-content/uploads/2022/08/image00001-368x460.jpeg</br>--------------------
Фаил есть но не подходит по размеру</br>https://sp-ao.shortpixel.ai/client/to_webp,q_lossless,ret_img/https://www.lifeofpix.com/wp-content/uploads/2022/08/image00013_Yasen-150x150.jpg</br>--------------------
Коррекция результы дала.-corrective_step_1</br>https://sp-ao.shortpixel.ai/client/to_webp,q_lossless,ret_img/https://www.lifeofpix.com/wp-content/uploads/2022/08/image00013_Yasen-150x150.jpg</br>--------------------
Фаил есть но не подходит по размеру</br>https://sp-ao.shortpixel.ai/client/to_webp,q_lossless,ret_img/https://www.lifeofpix.com/wp-content/uploads/2022/08/Rocheuses-Canadiennes-02-150x150.jpg</br>--------------------
Коррекция результы дала.-corrective_step_1</br>https://sp-ao.shortpixel.ai/client/to_webp,q_lossless,ret_img/https://www.lifeofpix.com/wp-content/uploads/2022/08/Rocheuses-Canadiennes-02-150x150.jpg</br>--------------------
Фаил есть но не подходит по размеру</br>https://sp-ao.shortpixel.ai/client/to_webp,q_lossless,ret_img/https://www.lifeofpix.com/wp-content/uploads/2022/08/Rocheuses-Canadiennes-02-345x460.jpg</br>--------------------
Коррекция результы дала.-corrective_step_1</br>https://sp-ao.shortpixel.ai/client/to_webp,q_lossless,ret_img/https://www.lifeofpix.com/wp-content/uploads/2022/08/Rocheuses-Canadiennes-02-345x460.jpg</br>--------------------
Фаил есть но не подходит по размеру</br>https://sp-ao.shortpixel.ai/client/to_webp,q_lossless,ret_img/https://www.lifeofpix.com/wp-content/uploads/2022/08/naomi-dupont-150x150.jpg</br>--------------------
Коррекция результы дала.-corrective_step_1</br>https://sp-ao.shortpixel.ai/client/to_webp,q_lossless,ret_img/https://www.lifeofpix.com/wp-content/uploads/2022/08/naomi-dupont-150x150.jpg</br>--------------------
Фаил есть но не подходит по размеру</br>https://sp-ao.shortpixel.ai/client/to_webp,q_lossless,ret_img/https://www.lifeofpix.com/wp-content/uploads/2022/08/Rocheuses-Canadiennes-01-150x150.jpg</br>--------------------
Коррекция результы дала.-corrective_step_1</br>https://sp-ao.shortpixel.ai/client/to_webp,q_lossless,ret_img/https://www.lifeofpix.com/wp-content/uploads/2022/08/Rocheuses-Canadiennes-01-150x150.jpg</br>--------------------
Фаил есть но не подходит по размеру</br>https://sp-ao.shortpixel.ai/client/to_webp,q_lossless,ret_img/https://www.lifeofpix.com/wp-content/uploads/2022/08/Rocheuses-Canadiennes-01-345x460.jpg</br>--------------------
Коррекция результы дала.-corrective_step_1</br>https://sp-ao.shortpixel.ai/client/to_webp,q_lossless,ret_img/https://www.lifeofpix.com/wp-content/uploads/2022/08/Rocheuses-Canadiennes-01-345x460.jpg</br>--------------------
Фаил есть но не подходит по размеру</br>https://sp-ao.shortpixel.ai/client/to_webp,q_lossless,ret_img/https://www.lifeofpix.com/wp-content/uploads/2022/08/naomi-dupont-150x150.jpg</br>--------------------
Коррекция результы дала.-corrective_step_1</br>https://sp-ao.shortpixel.ai/client/to_webp,q_lossless,ret_img/https://www.lifeofpix.com/wp-content/uploads/2022/08/naomi-dupont-150x150.jpg</br>--------------------
Фаил есть но не подходит по размеру</br>https://sp-ao.shortpixel.ai/client/to_webp,q_lossless,ret_img/https://www.lifeofpix.com/wp-content/themes/lifeofpix_v2/img/adobe.png</br>--------------------
Коррекция результы дала.-corrective_step_1</br>https://sp-ao.shortpixel.ai/client/to_webp,q_lossless,ret_img/https://www.lifeofpix.com/wp-content/themes/lifeofpix_v2/img/adobe.png</br>--------------------
Фаил есть но не подходит по размеру</br>https://sp-ao.shortpixel.ai/client/to_webp,q_lossless,ret_img/https://www.lifeofpix.com/wp-content/uploads/2022/08/NYC-6-150x150.jpg</br>--------------------
Коррекция результы дала.-corrective_step_1</br>https://sp-ao.shortpixel.ai/client/to_webp,q_lossless,ret_img/https://www.lifeofpix.com/wp-content/uploads/2022/08/NYC-6-150x150.jpg</br>--------------------
Фаил есть но не подходит по размеру</br>https://sp-ao.shortpixel.ai/client/to_webp,q_lossless,ret_img/https://www.lifeofpix.com/wp-content/uploads/2022/08/NYC-6-345x460.jpg</br>--------------------
Коррекция результы дала.-corrective_step_1</br>https://sp-ao.shortpixel.ai/client/to_webp,q_lossless,ret_img/https://www.lifeofpix.com/wp-content/uploads/2022/08/NYC-6-345x460.jpg</br>--------------------
Фаил есть но не подходит по размеру</br>https://sp-ao.shortpixel.ai/client/to_webp,q_lossless,ret_img/https://www.lifeofpix.com/wp-content/uploads/2022/08/naomi-dupont-150x150.jpg</br>--------------------
Коррекция результы дала.-corrective_step_1</br>https://sp-ao.shortpixel.ai/client/to_webp,q_lossless,ret_img/https://www.lifeofpix.com/wp-content/uploads/2022/08/naomi-dupont-150x150.jpg</br>--------------------
Фаил есть но не подходит по размеру</br>https://sp-ao.shortpixel.ai/client/to_webp,q_lossless,ret_img/https://www.lifeofpix.com/wp-content/uploads/2022/08/NYC-5-150x150.jpg</br>--------------------
Коррекция результы дала.-corrective_step_1</br>https://sp-ao.shortpixel.ai/client/to_webp,q_lossless,ret_img/https://www.lifeofpix.com/wp-content/uploads/2022/08/NYC-5-150x150.jpg</br>--------------------
Фаил есть и подходит по размеру</br>https://sp-ao.shortpixel.ai/client/to_webp,q_lossless,ret_img/https://www.lifeofpix.com/wp-content/uploads/2022/08/NYC-5-613x460.jpg</br>--------------------
Фаил есть но не подходит по размеру</br>https://sp-ao.shortpixel.ai/client/to_webp,q_lossless,ret_img/https://www.lifeofpix.com/wp-content/uploads/2022/08/naomi-dupont-150x150.jpg</br>--------------------
Коррекция результы дала.-corrective_step_1</br>https://sp-ao.shortpixel.ai/client/to_webp,q_lossless,ret_img/https://www.lifeofpix.com/wp-content/uploads/2022/08/naomi-dupont-150x150.jpg</br>--------------------
Фаил есть но не подходит по размеру</br>https://sp-ao.shortpixel.ai/client/to_webp,q_lossless,ret_img/https://www.lifeofpix.com/wp-content/uploads/2022/08/NYC-4-150x150.jpg</br>--------------------
Коррекция результы дала.-corrective_step_1</br>https://sp-ao.shortpixel.ai/client/to_webp,q_lossless,ret_img/https://www.lifeofpix.com/wp-content/uploads/2022/08/NYC-4-150x150.jpg</br>--------------------
Фаил есть но не подходит по размеру</br>https://sp-ao.shortpixel.ai/client/to_webp,q_lossless,ret_img/https://www.lifeofpix.com/wp-content/uploads/2022/08/NYC-4-345x460.jpg</br>--------------------
Коррекция результы дала.-corrective_step_1</br>https://sp-ao.shortpixel.ai/client/to_webp,q_lossless,ret_img/https://www.lifeofpix.com/wp-content/uploads/2022/08/NYC-4-345x460.jpg</br>--------------------
Фаил есть но не подходит по размеру</br>https://sp-ao.shortpixel.ai/client/to_webp,q_lossless,ret_img/https://www.lifeofpix.com/wp-content/uploads/2022/08/naomi-dupont-150x150.jpg</br>--------------------
Коррекция результы дала.-corrective_step_1</br>https://sp-ao.shortpixel.ai/client/to_webp,q_lossless,ret_img/https://www.lifeofpix.com/wp-content/uploads/2022/08/naomi-dupont-150x150.jpg</br>--------------------
Фаил есть но не подходит по размеру</br>https://sp-ao.shortpixel.ai/client/to_webp,q_lossless,ret_img/https://www.lifeofpix.com/wp-content/uploads/2022/08/NYC-3-150x150.jpg</br>--------------------
Коррекция результы дала.-corrective_step_1</br>https://sp-ao.shortpixel.ai/client/to_webp,q_lossless,ret_img/https://www.lifeofpix.com/wp-content/uploads/2022/08/NYC-3-150x150.jpg</br>--------------------
Фаил есть но не подходит по размеру</br>https://sp-ao.shortpixel.ai/client/to_webp,q_lossless,ret_img/https://www.lifeofpix.com/wp-content/uploads/2022/08/NYC-3-345x460.jpg</br>--------------------
Коррекция результы дала.-corrective_step_1</br>https://sp-ao.shortpixel.ai/client/to_webp,q_lossless,ret_img/https://www.lifeofpix.com/wp-content/uploads/2022/08/NYC-3-345x460.jpg</br>--------------------
Фаил есть но не подходит по размеру</br>https://sp-ao.shortpixel.ai/client/to_webp,q_lossless,ret_img/https://www.lifeofpix.com/wp-content/uploads/2022/08/naomi-dupont-150x150.jpg</br>--------------------
Коррекция результы дала.-corrective_step_1</br>https://sp-ao.shortpixel.ai/client/to_webp,q_lossless,ret_img/https://www.lifeofpix.com/wp-content/uploads/2022/08/naomi-dupont-150x150.jpg</br>--------------------
Фаил есть но не подходит по размеру</br>https://sp-ao.shortpixel.ai/client/to_webp,q_lossless,ret_img/https://www.lifeofpix.com/wp-content/uploads/2022/08/NYC-2-150x150.jpg</br>--------------------
Коррекция результы дала.-corrective_step_1</br>https://sp-ao.shortpixel.ai/client/to_webp,q_lossless,ret_img/https://www.lifeofpix.com/wp-content/uploads/2022/08/NYC-2-150x150.jpg</br>--------------------
Фаил есть но не подходит по размеру</br>https://sp-ao.shortpixel.ai/client/to_webp,q_lossless,ret_img/https://www.lifeofpix.com/wp-content/uploads/2022/08/NYC-2-345x460.jpg</br>--------------------
Коррекция результы дала.-corrective_step_1</br>https://sp-ao.shortpixel.ai/client/to_webp,q_lossless,ret_img/https://www.lifeofpix.com/wp-content/uploads/2022/08/NYC-2-345x460.jpg</br>--------------------
Фаил есть но не подходит по размеру</br>https://sp-ao.shortpixel.ai/client/to_webp,q_lossless,ret_img/https://www.lifeofpix.com/wp-content/uploads/2022/08/naomi-dupont-150x150.jpg</br>--------------------
Коррекция результы дала.-corrective_step_1</br>https://sp-ao.shortpixel.ai/client/to_webp,q_lossless,ret_img/https://www.lifeofpix.com/wp-content/uploads/2022/08/naomi-dupont-150x150.jpg</br>--------------------
Фаил есть но не подходит по размеру</br>https://sp-ao.shortpixel.ai/client/to_webp,q_lossless,ret_img/https://www.lifeofpix.com/wp-content/uploads/2022/07/DSC01556-150x150.jpg</br>--------------------
Коррекция результы дала.-corrective_step_1</br>https://sp-ao.shortpixel.ai/client/to_webp,q_lossless,ret_img/https://www.lifeofpix.com/wp-content/uploads/2022/07/DSC01556-150x150.jpg</br>--------------------
Фаил есть но не подходит по размеру</br>https://sp-ao.shortpixel.ai/client/to_webp,q_lossless,ret_img/https://www.lifeofpix.com/wp-content/uploads/2022/07/DSC01556-307x460.jpg</br>--------------------
Коррекция результы дала.-corrective_step_1</br>https://sp-ao.shortpixel.ai/client/to_webp,q_lossless,ret_img/https://www.lifeofpix.com/wp-content/uploads/2022/07/DSC01556-307x460.jpg</br>--------------------
Фаила нет</br></br>--------------------
Коррекция результата не дала.-corrective_step_1</br></br>--------------------
Коррекция результата не дала.-corrective_step_2</br></br>--------------------
Коррекция результата не дала.-corrective_step_3</br></br>--------------------
Фаил есть но не подходит по размеру</br>https://sp-ao.shortpixel.ai/client/to_webp,q_lossless,ret_img/https://www.lifeofpix.com/wp-content/uploads/2022/07/building-150x150.jpeg</br>--------------------
Коррекция результы дала.-corrective_step_1</br>https://sp-ao.shortpixel.ai/client/to_webp,q_lossless,ret_img/https://www.lifeofpix.com/wp-content/uploads/2022/07/building-150x150.jpeg</br>--------------------
Фаил есть но не подходит по размеру</br>https://sp-ao.shortpixel.ai/client/to_webp,q_lossless,ret_img/https://www.lifeofpix.com/wp-content/uploads/2022/07/building-307x460.jpeg</br>--------------------
Коррекция результы дала.-corrective_step_1</br>https://sp-ao.shortpixel.ai/client/to_webp,q_lossless,ret_img/https://www.lifeofpix.com/wp-content/uploads/2022/07/building-307x460.jpeg</br>--------------------
Фаила нет</br></br>--------------------
Коррекция результата не дала.-corrective_step_1</br></br>--------------------
Коррекция результата не дала.-corrective_step_2</br></br>--------------------
Коррекция результата не дала.-corrective_step_3</br></br>--------------------
Фаил есть но не подходит по размеру</br>https://sp-ao.shortpixel.ai/client/to_webp,q_lossless,ret_img/https://www.lifeofpix.com/wp-content/themes/lifeofpix_v2/img/adobe.png</br>--------------------
Коррекция результы дала.-corrective_step_1</br>https://sp-ao.shortpixel.ai/client/to_webp,q_lossless,ret_img/https://www.lifeofpix.com/wp-content/themes/lifeofpix_v2/img/adobe.png</br>--------------------
Фаил есть но не подходит по размеру</br>https://sp-ao.shortpixel.ai/client/to_webp,q_lossless,ret_img/https://www.lifeofpix.com/wp-content/uploads/2022/07/life-150x150.jpeg</br>--------------------
Коррекция результы дала.-corrective_step_1</br>https://sp-ao.shortpixel.ai/client/to_webp,q_lossless,ret_img/https://www.lifeofpix.com/wp-content/uploads/2022/07/life-150x150.jpeg</br>--------------------
Фаил есть но не подходит по размеру</br>https://sp-ao.shortpixel.ai/client/to_webp,q_lossless,ret_img/https://www.lifeofpix.com/wp-content/uploads/2022/07/life-307x460.jpeg</br>--------------------
Коррекция результы дала.-corrective_step_1</br>https://sp-ao.shortpixel.ai/client/to_webp,q_lossless,ret_img/https://www.lifeofpix.com/wp-content/uploads/2022/07/life-307x460.jpeg</br>--------------------
Фаила нет</br></br>--------------------
Коррекция результата не дала.-corrective_step_1</br></br>--------------------
Коррекция результата не дала.-corrective_step_2</br></br>--------------------
Коррекция результата не дала.-corrective_step_3</br></br>--------------------
Фаил есть но не подходит по размеру</br>https://sp-ao.shortpixel.ai/client/to_webp,q_lossless,ret_img/https://www.lifeofpix.com/wp-content/uploads/2022/07/old-150x150.jpg</br>--------------------
Коррекция результы дала.-corrective_step_1</br>https://sp-ao.shortpixel.ai/client/to_webp,q_lossless,ret_img/https://www.lifeofpix.com/wp-content/uploads/2022/07/old-150x150.jpg</br>--------------------
Фаил есть но не подходит по размеру</br>https://sp-ao.shortpixel.ai/client/to_webp,q_lossless,ret_img/https://www.lifeofpix.com/wp-content/uploads/2022/07/old-307x460.jpg</br>--------------------
Коррекция результы дала.-corrective_step_1</br>https://sp-ao.shortpixel.ai/client/to_webp,q_lossless,ret_img/https://www.lifeofpix.com/wp-content/uploads/2022/07/old-307x460.jpg</br>--------------------
Фаила нет</br></br>--------------------
Коррекция результата не дала.-corrective_step_1</br></br>--------------------
Коррекция результата не дала.-corrective_step_2</br></br>--------------------
Коррекция результата не дала.-corrective_step_3</br></br>--------------------
Фаил есть но не подходит по размеру</br>https://sp-ao.shortpixel.ai/client/to_webp,q_lossless,ret_img/https://www.lifeofpix.com/wp-content/uploads/2022/07/skycrapers-150x150.jpg</br>--------------------
Коррекция результы дала.-corrective_step_1</br>https://sp-ao.shortpixel.ai/client/to_webp,q_lossless,ret_img/https://www.lifeofpix.com/wp-content/uploads/2022/07/skycrapers-150x150.jpg</br>--------------------
Фаил есть но не подходит по размеру</br>https://sp-ao.shortpixel.ai/client/to_webp,q_lossless,ret_img/https://www.lifeofpix.com/wp-content/uploads/2022/07/skycrapers-307x460.jpg</br>--------------------
Коррекция результы дала.-corrective_step_1</br>https://sp-ao.shortpixel.ai/client/to_webp,q_lossless,ret_img/https://www.lifeofpix.com/wp-content/uploads/2022/07/skycrapers-307x460.jpg</br>--------------------
Фаила нет</br></br>--------------------
Коррекция результата не дала.-corrective_step_1</br></br>--------------------
Коррекция результата не дала.-corrective_step_2</br></br>--------------------
Коррекция результата не дала.-corrective_step_3</br></br>--------------------
Фаил есть но не подходит по размеру</br>https://sp-ao.shortpixel.ai/client/to_webp,q_lossless,ret_img/https://www.lifeofpix.com/wp-content/themes/lifeofpix_v2/img/adobe.png</br>--------------------
Коррекция результы дала.-corrective_step_1</br>https://sp-ao.shortpixel.ai/client/to_webp,q_lossless,ret_img/https://www.lifeofpix.com/wp-content/themes/lifeofpix_v2/img/adobe.png</br>--------------------
Фаил есть и подходит по размеру</br>https://sp-ao.shortpixel.ai/client/to_webp,q_lossless,ret_img/https://www.lifeofpix.com/wp-content/themes/lifeofpix_v2/img/logo_leeroy.png</br>--------------------
URL картинок, собраны в массив и готовы для скачивания.</br>Array</br>--------------------
Такого изображения еще нет. Копируем.</br></br>--------------------
Такого изображения еще нет. Копируем.</br></br>--------------------
Такого изображения еще нет. Копируем.</br></br>--------------------
Такое изображение уже есть.</br></br>--------------------
Такого изображения еще нет. Копируем.</br></br>--------------------
Такое изображение уже есть.</br></br>--------------------
Такого изображения еще нет. Копируем.</br></br>--------------------
Такого изображения еще нет. Копируем.</br></br>--------------------
Такого изображения еще нет. Копируем.</br></br>--------------------
Такого изображения еще нет. Копируем.</br></br>--------------------
Такого изображения еще нет. Копируем.</br></br>--------------------
Такого изображения еще нет. Копируем.</br></br>--------------------
Такое изображение уже есть.</br></br>--------------------
Такого изображения еще нет. Копируем.</br></br>--------------------
Такого изображения еще нет. Копируем.</br></br>--------------------
Такое изображение уже есть.</br></br>--------------------
Такого изображения еще нет. Копируем.</br></br>--------------------
Такого изображения еще нет. Копируем.</br></br>--------------------
Такое изображение уже есть.</br></br>--------------------
Такое изображение уже есть.</br></br>--------------------
Такого изображения еще нет. Копируем.</br></br>--------------------
Такого изображения еще нет. Копируем.</br></br>--------------------
Такое изображение уже есть.</br></br>--------------------
Такого изображения еще нет. Копируем.</br></br>--------------------
Такого изображения еще нет. Копируем.</br></br>--------------------
Такое изображение уже есть.</br></br>--------------------
Такого изображения еще нет. Копируем.</br></br>--------------------
Такого изображения еще нет. Копируем.</br></br>--------------------
Такого изображения еще нет. Копируем.</br></br>--------------------
Такого изображения еще нет. Копируем.</br></br>--------------------
Такого изображения еще нет. Копируем.</br></br>--------------------
Такое изображение уже есть.</br></br>--------------------
Такого изображения еще нет. Копируем.</br></br>--------------------
Такого изображения еще нет. Копируем.</br></br>--------------------
Такое изображение уже есть.</br></br>--------------------
Такого изображения еще нет. Копируем.</br></br>--------------------
Такого изображения еще нет. Копируем.</br></br>--------------------
Такое изображение уже есть.</br></br>--------------------
Такого изображения еще нет. Копируем.</br></br>--------------------
Такого изображения еще нет. Копируем.</br></br>--------------------
Такого изображения еще нет. Копируем.</br></br>--------------------
Такое изображение уже есть.</br></br>--------------------
Такого изображения еще нет. Копируем.</br></br>--------------------
Такого изображения еще нет. Копируем.</br></br>--------------------
Такое изображение уже есть.</br></br>--------------------
Такого изображения еще нет. Копируем.</br></br>--------------------
Такого изображения еще нет. Копируем.</br></br>--------------------
Такое изображение уже есть.</br></br>--------------------
Такого изображения еще нет. Копируем.</br></br>--------------------
Такого изображения еще нет. Копируем.</br></br>--------------------
Такое изображение уже есть.</br></br>--------------------
Такого изображения еще нет. Копируем.</br></br>--------------------
Такого изображения еще нет. Копируем.</br></br>--------------------
Такое изображение уже есть.</br></br>--------------------
Такого изображения еще нет. Копируем.</br></br>--------------------
Такого изображения еще нет. Копируем.</br></br>--------------------
Такое изображение уже есть.</br></br>--------------------
Такого изображения еще нет. Копируем.</br></br>--------------------
Такого изображения еще нет. Копируем.</br></br>--------------------
Такого изображения еще нет. Копируем.</br></br>--------------------
Такого изображения еще нет. Копируем.</br></br>--------------------
Такого изображения еще нет. Копируем.</br></br>--------------------
Такое изображение уже есть.</br></br>--------------------
Такое изображение уже есть.</br></br>--------------------
Такого изображения еще нет. Копируем.</br></br>--------------------
Такого изображения еще нет. Копируем.</br></br>--------------------
Такое изображение уже есть.</br></br>--------------------
Такого изображения еще нет. Копируем.</br></br>--------------------
Такого изображения еще нет. Копируем.</br></br>--------------------
Такое изображение уже есть.</br></br>--------------------
Такого изображения еще нет. Копируем.</br></br>--------------------
Такого изображения еще нет. Копируем.</br></br>--------------------
Такое изображение уже есть.</br></br>--------------------
Такого изображения еще нет. Копируем.</br></br>--------------------
Такого изображения еще нет. Копируем.</br></br>--------------------
Такое изображение уже есть.</br></br>--------------------
Такого изображения еще нет. Копируем.</br></br>--------------------
Такого изображения еще нет. Копируем.</br></br>--------------------
Такое изображение уже есть.</br></br>--------------------
Такого изображения еще нет. Копируем.</br></br>--------------------
Такого изображения еще нет. Копируем.</br></br>--------------------
Такого изображения еще нет. Копируем.</br></br>--------------------
Такого изображения еще нет. Копируем.</br></br>--------------------
Такое изображение уже есть.</br></br>--------------------
Такого изображения еще нет. Копируем.</br></br>--------------------
Такого изображения еще нет. Копируем.</br></br>--------------------
Такого изображения еще нет. Копируем.</br></br>--------------------
Такого изображения еще нет. Копируем.</br></br>--------------------
Такого изображения еще нет. Копируем.</br></br>--------------------
Такого изображения еще нет. Копируем.</br></br>--------------------
Такое изображение уже есть.</br></br>--------------------
Такого изображения еще нет. Копируем.</br></br>--------------------
Рисунки найдены98-шт</br>Array</br>--------------------
Рисунки найдены98-шт</br>Array</br>--------------------